Watching for file changes with StatReloader
[12/Apr/2026 20:06:27] "GET /api/presences/pointages/ HTTP/1.1" 200 41
[12/Apr/2026 20:06:27] "GET /api/presences/pointages/ HTTP/1.1" 200 41
[12/Apr/2026 20:06:30] "GET /api/presences/pointages/ HTTP/1.1" 200 41
[12/Apr/2026 20:06:33] "GET /api/presences/pointages/ HTTP/1.1" 200 41
[12/Apr/2026 20:06:36] "GET /api/presences/pointages/ HTTP/1.1" 200 41
[12/Apr/2026 20:06:39] "GET /api/presences/pointages/ HTTP/1.1" 200 41
[12/Apr/2026 20:06:41] "POST /api/presences/pointage/ HTTP/1.1" 200 69
[12/Apr/2026 20:06:42] "GET /api/presences/pointages/ HTTP/1.1" 200 189
[12/Apr/2026 20:06:49] "GET /api/presences/pointages/ HTTP/1.1" 200 189
[12/Apr/2026 20:06:51] "GET /api/presences/pointages/ HTTP/1.1" 200 189
[12/Apr/2026 20:07:03] "GET /api/presences/pointages/ HTTP/1.1" 200 189
[12/Apr/2026 20:07:06] "GET /api/presences/pointages/ HTTP/1.1" 200 189
[12/Apr/2026 20:07:09] "GET /api/presences/pointages/ HTTP/1.1" 200 189
[12/Apr/2026 20:07:12] "GET /api/presences/pointages/ HTTP/1.1" 200 189
[12/Apr/2026 20:07:15] "GET /api/presences/pointages/ HTTP/1.1" 200 189
[12/Apr/2026 20:07:18] "GET /api/presences/pointages/ HTTP/1.1" 200 189
[12/Apr/2026 20:07:21] "GET /api/presences/pointages/ HTTP/1.1" 200 189
[12/Apr/2026 20:07:24] "GET /api/presences/pointages/ HTTP/1.1" 200 189
[12/Apr/2026 20:07:27] "GET /api/presences/pointages/ HTTP/1.1" 200 189
[12/Apr/2026 20:07:30] "GET /api/presences/pointages/ HTTP/1.1" 200 189
[12/Apr/2026 20:07:33] "GET /api/presences/pointages/ HTTP/1.1" 200 189
[12/Apr/2026 20:07:36] "GET /api/presences/pointages/ HTTP/1.1" 200 189
[12/Apr/2026 20:07:39] "GET /api/presences/pointages/ HTTP/1.1" 200 189
[12/Apr/2026 20:07:42] "GET /api/presences/pointages/ HTTP/1.1" 200 189
[12/Apr/2026 20:07:45] "GET /api/presences/pointages/ HTTP/1.1" 200 189
[12/Apr/2026 20:07:46] "GET /api/presences/pointages/ HTTP/1.1" 200 189
[12/Apr/2026 20:07:49] "GET /api/presences/pointages/ HTTP/1.1" 200 189
[12/Apr/2026 20:07:52] "GET /api/presences/pointages/ HTTP/1.1" 200 189
[12/Apr/2026 20:07:55] "GET /api/presences/pointages/ HTTP/1.1" 200 189
[12/Apr/2026 20:07:59] "GET /api/presences/pointages/ HTTP/1.1" 200 189
[12/Apr/2026 20:08:02] "GET /api/presences/pointages/ HTTP/1.1" 200 189
[12/Apr/2026 20:08:04] "GET /api/presences/pointages/ HTTP/1.1" 200 189
[12/Apr/2026 20:08:07] "GET /api/presences/pointages/ HTTP/1.1" 200 189
[12/Apr/2026 20:08:10] "GET /api/presences/pointages/ HTTP/1.1" 200 189
[12/Apr/2026 20:08:13] "GET /api/presences/pointages/ HTTP/1.1" 200 189
[12/Apr/2026 20:08:16] "GET /api/presences/pointages/ HTTP/1.1" 200 189
[12/Apr/2026 20:08:20] "GET /api/presences/pointages/ HTTP/1.1" 200 189
[12/Apr/2026 20:08:23] "GET /api/presences/pointages/ HTTP/1.1" 200 189
[12/Apr/2026 20:08:26] "GET /api/presences/pointages/ HTTP/1.1" 200 189
[12/Apr/2026 20:08:27] "GET /api/presences/pointages/ HTTP/1.1" 200 189
[12/Apr/2026 20:08:30] "GET /api/presences/pointages/ HTTP/1.1" 200 189
[12/Apr/2026 20:08:33] "GET /api/presences/pointages/ HTTP/1.1" 200 189
[12/Apr/2026 20:08:36] "GET /api/presences/pointages/ HTTP/1.1" 200 189
[12/Apr/2026 20:08:39] "GET /api/presences/pointages/ HTTP/1.1" 200 189
[12/Apr/2026 20:08:42] "GET /api/presences/pointages/ HTTP/1.1" 200 189
[12/Apr/2026 20:08:45] "GET /api/presences/pointages/ HTTP/1.1" 200 189
[12/Apr/2026 20:08:51] "GET /api/presences/pointages/ HTTP/1.1" 200 189
[12/Apr/2026 20:08:59] "GET /api/presences/pointages/ HTTP/1.1" 200 189
[12/Apr/2026 20:09:02] "GET /api/presences/pointages/ HTTP/1.1" 200 189
[12/Apr/2026 20:09:05] "GET /api/presences/pointages/ HTTP/1.1" 200 189
[12/Apr/2026 20:09:08] "GET /api/presences/pointages/ HTTP/1.1" 200 189
[12/Apr/2026 20:09:11] "GET /api/presences/pointages/ HTTP/1.1" 200 189
[12/Apr/2026 20:09:12] "GET /api/presences/pointages/ HTTP/1.1" 200 189
[12/Apr/2026 20:09:15] "GET /api/presences/pointages/ HTTP/1.1" 200 189
[12/Apr/2026 20:09:23] "GET /api/presences/pointages/ HTTP/1.1" 200 189
[12/Apr/2026 20:09:28] "GET /api/presences/pointages/ HTTP/1.1" 200 189
[12/Apr/2026 20:09:31] "GET /api/presences/pointages/ HTTP/1.1" 200 189
[12/Apr/2026 20:09:34] "GET /api/presences/pointages/ HTTP/1.1" 200 189
[12/Apr/2026 20:09:37] "GET /api/presences/pointages/ HTTP/1.1" 200 189
[12/Apr/2026 20:10:11] "GET /api/presences/pointages/ HTTP/1.1" 200 189
[12/Apr/2026 20:10:50] "GET /api/presences/pointages/ HTTP/1.1" 200 189
[12/Apr/2026 20:10:53] "GET /api/presences/pointages/ HTTP/1.1" 200 189
[12/Apr/2026 20:10:56] "GET /api/presences/pointages/ HTTP/1.1" 200 189
[12/Apr/2026 20:10:59] "GET /api/presences/pointages/ HTTP/1.1" 200 189
[12/Apr/2026 20:11:02] "GET /api/presences/pointages/ HTTP/1.1" 200 189
[12/Apr/2026 20:11:05] "GET /api/presences/pointages/ HTTP/1.1" 200 189
[12/Apr/2026 20:11:08] "GET /api/presences/pointages/ HTTP/1.1" 200 189
[12/Apr/2026 20:11:11] "GET /api/presences/pointages/ HTTP/1.1" 200 189
[12/Apr/2026 20:11:14] "GET /api/presences/pointages/ HTTP/1.1" 200 189
[12/Apr/2026 20:11:16] "GET /api/presences/pointages/ HTTP/1.1" 200 189
[12/Apr/2026 20:11:19] "GET /api/presences/pointages/ HTTP/1.1" 200 189
[12/Apr/2026 20:11:22] "GET /api/presences/pointages/ HTTP/1.1" 200 189
[12/Apr/2026 20:11:24] "GET /api/presences/pointages/ HTTP/1.1" 200 189
[12/Apr/2026 20:11:27] "GET /api/presences/pointages/ HTTP/1.1" 200 189
[12/Apr/2026 20:11:30] "GET /api/presences/pointages/ HTTP/1.1" 200 189
[12/Apr/2026 20:11:33] "GET /api/presences/pointages/ HTTP/1.1" 200 189
[12/Apr/2026 20:11:36] "GET /api/presences/pointages/ HTTP/1.1" 200 189
[12/Apr/2026 20:11:39] "GET /api/presences/pointages/ HTTP/1.1" 200 189
[12/Apr/2026 20:11:42] "GET /api/presences/pointages/ HTTP/1.1" 200 189
[12/Apr/2026 20:11:51] "GET /api/presences/pointages/ HTTP/1.1" 200 189
[12/Apr/2026 20:11:55] "GET /api/presences/pointages/ HTTP/1.1" 200 189
[12/Apr/2026 20:12:00] "GET /api/presences/pointages/ HTTP/1.1" 200 189
[12/Apr/2026 20:12:03] "GET /api/presences/pointages/ HTTP/1.1" 200 189
[12/Apr/2026 20:12:06] "GET /api/presences/pointages/ HTTP/1.1" 200 189
[12/Apr/2026 20:12:09] "GET /api/presences/pointages/ HTTP/1.1" 200 189
[12/Apr/2026 20:12:13] "GET /api/presences/pointages/ HTTP/1.1" 200 189
[12/Apr/2026 20:12:18] "GET /api/presences/pointages/ HTTP/1.1" 200 189
[12/Apr/2026 20:12:23] "GET /api/presences/pointages/ HTTP/1.1" 200 189
[12/Apr/2026 20:12:28] "GET /api/presences/pointages/ HTTP/1.1" 200 189
/Users/mac/Desktop/orchid-island/backend/presences/views.py changed, reloading.
Performing system checks...

System check identified no issues (0 silenced).
April 12, 2026 - 20:06:25
Django version 5.2.13, using settings 'orchid_backend.settings'
Starting development server at http://0.0.0.0:8000/
Quit the server with CONTROL-C.

WARNING: This is a development server. Do not use it in a production setting. Use a production WSGI or ASGI server instead.
For more information on production servers see: https://docs.djangoproject.com/en/5.2/howto/deployment/
Watching for file changes with StatReloader
[12/Apr/2026 20:12:41] "GET /api/presences/pointages/ HTTP/1.1" 200 189
[12/Apr/2026 20:12:43] "GET /api/presences/pointages/ HTTP/1.1" 200 189
[12/Apr/2026 20:12:46,362] - Broken pipe from ('192.168.11.172', 50265)
Performing system checks...

System check identified no issues (0 silenced).
April 12, 2026 - 20:12:38
Django version 5.2.13, using settings 'orchid_backend.settings'
Starting development server at http://0.0.0.0:8000/
Quit the server with CONTROL-C.

WARNING: This is a development server. Do not use it in a production setting. Use a production WSGI or ASGI server instead.
For more information on production servers see: https://docs.djangoproject.com/en/5.2/howto/deployment/
